[debug] [2024-08-03T19:04:39.898Z] ----------------------------------------------------------------------
[debug] [2024-08-03T19:04:39.902Z] Command:       C:\Program Files\nodejs\node.exe C:\Program Files\nodejs\node_modules\firebase-tools\lib\bin\firebase.js deploy
[debug] [2024-08-03T19:04:39.903Z] CLI Version:   13.15.0
[debug] [2024-08-03T19:04:39.903Z] Platform:      win32
[debug] [2024-08-03T19:04:39.903Z] Node Version:  v18.20.3
[debug] [2024-08-03T19:04:39.904Z] Time:          Sat Aug 03 2024 22:04:39 GMT+0300 (за східноєвропейським літнім часом)
[debug] [2024-08-03T19:04:39.905Z] ----------------------------------------------------------------------
[debug] 
[debug] [2024-08-03T19:04:40.020Z] > command requires scopes: ["email","openid","https://www.googleapis.com/auth/cloudplatformprojects.readonly","https://www.googleapis.com/auth/firebase","https://www.googleapis.com/auth/cloud-platform"]
[debug] [2024-08-03T19:04:40.021Z] > authorizing via signed-in user (benitaonisenko@gmail.com)
[debug] [2024-08-03T19:04:40.021Z] [iam] checking project neurolide-ee476 for permissions ["firebase.projects.get","firebasehosting.sites.update"]
[debug] [2024-08-03T19:04:40.024Z] >>> [apiv2][query] POST https://cloudresourcemanager.googleapis.com/v1/projects/neurolide-ee476:testIamPermissions [none]
[debug] [2024-08-03T19:04:40.024Z] >>> [apiv2][(partial)header] POST https://cloudresourcemanager.googleapis.com/v1/projects/neurolide-ee476:testIamPermissions x-goog-quota-user=projects/neurolide-ee476
[debug] [2024-08-03T19:04:40.025Z] >>> [apiv2][body] POST https://cloudresourcemanager.googleapis.com/v1/projects/neurolide-ee476:testIamPermissions {"permissions":["firebase.projects.get","firebasehosting.sites.update"]}
[debug] [2024-08-03T19:04:40.915Z] <<< [apiv2][status] POST https://cloudresourcemanager.googleapis.com/v1/projects/neurolide-ee476:testIamPermissions 200
[debug] [2024-08-03T19:04:40.915Z] <<< [apiv2][body] POST https://cloudresourcemanager.googleapis.com/v1/projects/neurolide-ee476:testIamPermissions {"permissions":["firebase.projects.get","firebasehosting.sites.update"]}
[debug] [2024-08-03T19:04:40.917Z] >>> [apiv2][query] GET https://firebase.googleapis.com/v1beta1/projects/neurolide-ee476 [none]
[debug] [2024-08-03T19:04:41.272Z] <<< [apiv2][status] GET https://firebase.googleapis.com/v1beta1/projects/neurolide-ee476 200
[debug] [2024-08-03T19:04:41.272Z] <<< [apiv2][body] GET https://firebase.googleapis.com/v1beta1/projects/neurolide-ee476 {"projectId":"neurolide-ee476","projectNumber":"107479586604","displayName":"neurolide","name":"projects/neurolide-ee476","resources":{"hostingSite":"neurolide-ee476","realtimeDatabaseInstance":"neurolide-ee476-default-rtdb","storageBucket":"neurolide-ee476.appspot.com","locationId":"us-central"},"state":"ACTIVE","etag":"1_a094dd11-d620-49d8-8ea3-aec0daab04ad"}
[info] 
[info] === Deploying to 'neurolide-ee476'...
[info] 
[info] i  deploying hosting 
[debug] [2024-08-03T19:04:41.283Z] >>> [apiv2][query] POST https://firebasehosting.googleapis.com/v1beta1/projects/-/sites/neurolide-ee476/versions [none]
[debug] [2024-08-03T19:04:41.283Z] >>> [apiv2][body] POST https://firebasehosting.googleapis.com/v1beta1/projects/-/sites/neurolide-ee476/versions {"status":"CREATED","labels":{"deployment-tool":"cli-firebase"}}
[debug] [2024-08-03T19:04:43.755Z] <<< [apiv2][status] POST https://firebasehosting.googleapis.com/v1beta1/projects/-/sites/neurolide-ee476/versions 200
[debug] [2024-08-03T19:04:43.755Z] <<< [apiv2][body] POST https://firebasehosting.googleapis.com/v1beta1/projects/-/sites/neurolide-ee476/versions {"name":"projects/107479586604/sites/neurolide-ee476/versions/49b73d1bca7464f6","status":"CREATED","config":{},"labels":{"deployment-tool":"cli-firebase"}}
[info] i  hosting[neurolide-ee476]: beginning deploy... 
[info] i  hosting[neurolide-ee476]: found 55 files in dist/neuroline/ 
[debug] [2024-08-03T19:04:43.806Z] [hosting] uploading with 200 concurrency
[debug] [2024-08-03T19:04:43.836Z] [hosting] hash cache [ZGlzdFxuZXVyb2xpbmU] stored for 55 files
[debug] [2024-08-03T19:04:43.836Z] [hosting][hash queue][FINAL] {"max":20,"min":0,"avg":1.3065745454545454,"active":0,"complete":55,"success":55,"errored":0,"retried":0,"total":55,"elapsed":25}
[debug] [2024-08-03T19:04:43.837Z] >>> [apiv2][query] POST https://firebasehosting.googleapis.com/v1beta1/projects/107479586604/sites/neurolide-ee476/versions/49b73d1bca7464f6:populateFiles [none]
[debug] [2024-08-03T19:04:43.838Z] >>> [apiv2][body] POST https://firebasehosting.googleapis.com/v1beta1/projects/107479586604/sites/neurolide-ee476/versions/49b73d1bca7464f6:populateFiles {"files":{"/styles.4ba9fe188afb1f7b.css":"b700088e0a9ffba371130b4a4fd89f161a66d8b2650abd17f35bdac9e033db67","/runtime.0748126300183138.js":"32cea92aabab75d2aa4784a3cdbaec63e5735436ccb4c7a6f613f9a1d4fd3551","/polyfills.e09475a2095afc6a.js":"4f66f101441339ad56643ccc1bb27764fc49bedb90cd54202445fce498fff717","/main.deb3c2396a7ae92e.js":"589e3ceb29fd05f16c0f49768751f7feb848e4ec4464daf51c853039f3fff9f8","/favicon.ico":"2c19690e9587bae12f419b34d2edeecc76808099540a9c9f4ea6194116cfc8f7\r","/3rdpartylicenses.txt":"65492adc42907d5b525566176f74d00ae28f41a8225d933ec715dbfa7da5ad4d","/assets/images/user/arrow_slide.svg":"59035e7416498f97137a8daa801d30714624a3857f77e15b83b9da0500f9970e\r","/assets/images/user/arrow_mobile.svg":"9a5a2ec25ed58415066798ce03e97c936904646f514737f17324dc87a5e87f0b\r","/assets/images/user/arrow.svg":"70764a5e09ca87ad613d44036842f08760345ca5e827a16d44b074654cafd87f\r","/assets/images/support/rocket.svg":"4e9d133a1b2945a4842cf2302dd1eee88610d5217fb4eee6e8c74146176964dd\r","/assets/images/support/pansile.svg":"50180b15c93cee08a4ceeffad727cd7d3a808f6910ae76a6cb78874b41056c06\r","/assets/images/support/paint.svg":"f474774c2a0887a86ced02a8e9c601e5e223e33dd8ed30596fb4733d23c0ad58\r","/assets/images/support/diagram.svg":"249939b54a1daa56445a37ad35aee1d94fdda8623d06910ad0a9a2d5c35a2003\r","/assets/images/support/books.svg":"d93a1fed0985a7245f7f2d3503f7c5412fbd18de494c723716b8e6f47a840f78\r","/assets/images/support/albert.svg":"2d3c96a82658ab5dcdce8c4d8d8886d23df3768b20b60af94a34c8ba4e278934\r","/assets/images/sidebar/users.svg":"e3b2593c5ec087a1c817a931fe93026be0f5b8dfa90f2e2698f45947f17cfe8d\r","/assets/images/sidebar/support.svg":"0823dacb58952a2eaae7938aa087c1ccfcb7c2af8fce945789a40c97bbda908b\r","/assets/images/sidebar/profile.svg":"dbe298d54cfb8eea00c440e606ea71125c2b2876a43c7f44e0b02f53a18236c9\r","/assets/images/sidebar/media-canal.svg":"ff27fbd540f9c160e43321f18ee0e1aafb6939b785dddf1a960feb6476f658a9\r","/assets/images/sidebar/manager.svg":"28061f3fa953a21a38c3bbae05bd40c7d12681f7fb545aa03ab878cc8568de5e\r","/assets/images/sidebar/main.svg":"1a773a0086ba9f0d79e433c746b0b233055514bbec233e15dca1e9fd4fe4ccd5\r","/assets/images/sidebar/balance.svg":"5272f5e56427c1260c293c061fd92f39eb05caa1c1004cc5e3775ba54620e1bc\r","/assets/images/profile/vip.svg":"79a5715ec206cda31a27d7aa0cc515c96efa2403e6686950a500fb3b146eeca5\r","/assets/images/profile/settings.svg":"4268eb75566ff2c4ace5310d522f3e542f656e957d01c714b6bfa79129c326e3\r","/assets/images/profile/save.svg":"4124120e2a689f24832090a798eb9b2847f00fe5e77e8cb66d46722cd215b54e\r","/assets/images/profile/remove.svg":"a3b3eede8eca61338ee0324163e19e7dfa394a6f4c964d0eb7395a6941410489\r","/assets/images/profile/edite.svg":"784c4203152165f9d6d4e5504122d307aea5b7b7c869d048c5c24527f5d70c02\r","/assets/images/profile/edite.png":"b08438f1b4a5d60c4e19df9a199e5ba64844b9f11db74f46984c5f285e3e4cba\r","/assets/images/profile/delete-attention.svg":"9a3284b3ee1a63fbfe694d2bf667675134d748cfbd3d3b96d8b6d6422da44f84\r","/assets/images/profile/confirme.svg":"cae5b670c2eb057ec42a4ea1549310919429c420b0100764e8c4b134ee3db78c\r","/assets/images/profile/cancel.svg":"d10d60613c4d6dc0281066fa258431d78199807e8b30805366c750070579cd72\r","/assets/images/profile/avatar.png":"55eefe81a73bbf0a883ee0e88f290b1a29638e9d0becda17fe2b3bda5996ce99\r","/assets/images/main/main_page.png":"9fd910952a95466284ff619bb9bee97224f66a900ea75a0c757afd38a27087b4\r","/assets/images/global/search.svg":"54bf31e741de058f9bae952e8724b053068d074efeaf742e022897df9c92d578\r","/assets/images/global/offer_confirme.svg":"530e384bc20294fa15b3281b9281d897d79d06350ef1635dee7a73f1ead83c9a\r","/assets/images/global/credit-card.svg":"1394a2eb4f9e5de69e34a5c0ce6ad331218011b43bbeaa57fcc05aeb3aa4a3bf\r","/assets/images/global/add.svg":"2b73eff5de36fd166e92c245f457a31e3509fb917f7f336b66fb7596249292d5\r","/assets/images/cards/visa.svg":"3eae29844ef813a7e074a55e42a1d3de94493958a180bd28db14116308bc46f2\r","/assets/images/cards/plus.svg":"5e1ba9924bb68070a0d320c5a92208b0ae019f09cd8913537d32392e497ce1b4\r","/assets/images/cards/more.svg":"895d726e663bd42e715602f6edb042c1892ae2a3e1e3749ea732671d974fb09f\r","/assets/images/cards/master_card.svg":"062a4f2d2bca44cc10bb77abd2071ea37ecc102c797af43f75aea331503e27d7\r","/assets/images/cards/copy.svg":"aee7ede66cbbc50553047003c1b6ca974017b6102d9c4214a530f0671c3abbf0\r","/assets/images/cards/cards.jfif":"f7ee359f114b2f9cd87f2f5961b9b6d5e0defcb4846efa69f9338b7c8c854050\r","/assets/images/cards/add.svg":"e08d2a08235d5cdc678d1a205bb4b3813208afd7130a279f53e98a796234e06c\r","/assets/images/auth/view.svg":"b11722a88a35eccab9ea2fc7125b0f89b16bc0635166bd60a04f20ce84d5d4ae\r","/assets/images/auth/auth_logo.png":"058580d4cadf19394a2915de3add16e6bfe274982b7637b095626df0f6d47139\r","/assets/images/auth/auth_bg_mobile.png":"ef11e046b37c78c2586d90319207cdf3cb9c0c63611c2109f2cf5ee52e7374b4\r","/assets/images/auth/auth_bg_dark_tablet.png":"e66f667ac0da50bc33d5959924e8ed3028a3118db973ed95b34cd29463da3350\r","/assets/images/auth/auth_bg_dark_mobile.png":"5b85f1358d47b5f10d61bed5c8900693e4f85d1fa75b2e19b36cc7279b375b08\r","/assets/images/auth/auth_bg_dark.png":"7347d7c25fc06a0c21c6cdf8de0ef0da04757b26cd792ba61fa60d2ae2ad33a7\r","/assets/images/auth/auth_bg.png":"98c49caec988f435f91f67d9b032def00c5a40da8d5bbe96b6a2a74acfc45a9f\r","/assets/i18n/ua.json":"3f8ab9fe51268aab0cbace8914b16b6cba99ab4eb9cbc2f3eee21bfe7d333b69\r","/assets/i18n/ru.json":"bee4724e3d0aaf2bc9c6ceb915ad9207ff49bdc622b2dc2781554b1805878bb7\r","/assets/i18n/en.json":"9ef6271acfe4c6df724fc1779a789c9eee42ea29aafbabca4e07940673dc5271\r","/index.html":"92ba98d5b3f436baa07f2fdcf570337f5ce3448ca734b015d5b53e45792d5c51"}}
[debug] [2024-08-03T19:04:45.244Z] <<< [apiv2][status] POST https://firebasehosting.googleapis.com/v1beta1/projects/107479586604/sites/neurolide-ee476/versions/49b73d1bca7464f6:populateFiles 200
[debug] [2024-08-03T19:04:45.244Z] <<< [apiv2][body] POST https://firebasehosting.googleapis.com/v1beta1/projects/107479586604/sites/neurolide-ee476/versions/49b73d1bca7464f6:populateFiles {"uploadRequiredHashes":["062a4f2d2bca44cc10bb77abd2071ea37ecc102c797af43f75aea331503e27d7","28061f3fa953a21a38c3bbae05bd40c7d12681f7fb545aa03ab878cc8568de5e","3eae29844ef813a7e074a55e42a1d3de94493958a180bd28db14116308bc46f2","f7ee359f114b2f9cd87f2f5961b9b6d5e0defcb4846efa69f9338b7c8c854050","2b73eff5de36fd166e92c245f457a31e3509fb917f7f336b66fb7596249292d5","d93a1fed0985a7245f7f2d3503f7c5412fbd18de494c723716b8e6f47a840f78","9a5a2ec25ed58415066798ce03e97c936904646f514737f17324dc87a5e87f0b","bee4724e3d0aaf2bc9c6ceb915ad9207ff49bdc622b2dc2781554b1805878bb7","f474774c2a0887a86ced02a8e9c601e5e223e33dd8ed30596fb4733d23c0ad58","1a773a0086ba9f0d79e433c746b0b233055514bbec233e15dca1e9fd4fe4ccd5","4e9d133a1b2945a4842cf2302dd1eee88610d5217fb4eee6e8c74146176964dd","4124120e2a689f24832090a798eb9b2847f00fe5e77e8cb66d46722cd215b54e","70764a5e09ca87ad613d44036842f08760345ca5e827a16d44b074654cafd87f","32cea92aabab75d2aa4784a3cdbaec63e5735436ccb4c7a6f613f9a1d4fd3551","59035e7416498f97137a8daa801d30714624a3857f77e15b83b9da0500f9970e","aee7ede66cbbc50553047003c1b6ca974017b6102d9c4214a530f0671c3abbf0","7347d7c25fc06a0c21c6cdf8de0ef0da04757b26cd792ba61fa60d2ae2ad33a7","65492adc42907d5b525566176f74d00ae28f41a8225d933ec715dbfa7da5ad4d","55eefe81a73bbf0a883ee0e88f290b1a29638e9d0becda17fe2b3bda5996ce99","e3b2593c5ec087a1c817a931fe93026be0f5b8dfa90f2e2698f45947f17cfe8d","98c49caec988f435f91f67d9b032def00c5a40da8d5bbe96b6a2a74acfc45a9f","530e384bc20294fa15b3281b9281d897d79d06350ef1635dee7a73f1ead83c9a","3f8ab9fe51268aab0cbace8914b16b6cba99ab4eb9cbc2f3eee21bfe7d333b69","5272f5e56427c1260c293c061fd92f39eb05caa1c1004cc5e3775ba54620e1bc","0823dacb58952a2eaae7938aa087c1ccfcb7c2af8fce945789a40c97bbda908b","cae5b670c2eb057ec42a4ea1549310919429c420b0100764e8c4b134ee3db78c","ef11e046b37c78c2586d90319207cdf3cb9c0c63611c2109f2cf5ee52e7374b4","e08d2a08235d5cdc678d1a205bb4b3813208afd7130a279f53e98a796234e06c","4268eb75566ff2c4ace5310d522f3e542f656e957d01c714b6bfa79129c326e3","d10d60613c4d6dc0281066fa258431d78199807e8b30805366c750070579cd72","9ef6271acfe4c6df724fc1779a789c9eee42ea29aafbabca4e07940673dc5271","2c19690e9587bae12f419b34d2edeecc76808099540a9c9f4ea6194116cfc8f7","ff27fbd540f9c160e43321f18ee0e1aafb6939b785dddf1a960feb6476f658a9","589e3ceb29fd05f16c0f49768751f7feb848e4ec4464daf51c853039f3fff9f8","784c4203152165f9d6d4e5504122d307aea5b7b7c869d048c5c24527f5d70c02","058580d4cadf19394a2915de3add16e6bfe274982b7637b095626df0f6d47139","1394a2eb4f9e5de69e34a5c0ce6ad331218011b43bbeaa57fcc05aeb3aa4a3bf","e66f667ac0da50bc33d5959924e8ed3028a3118db973ed95b34cd29463da3350","79a5715ec206cda31a27d7aa0cc515c96efa2403e6686950a500fb3b146eeca5","b08438f1b4a5d60c4e19df9a199e5ba64844b9f11db74f46984c5f285e3e4cba","5b85f1358d47b5f10d61bed5c8900693e4f85d1fa75b2e19b36cc7279b375b08","9a3284b3ee1a63fbfe694d2bf667675134d748cfbd3d3b96d8b6d6422da44f84","5e1ba9924bb68070a0d320c5a92208b0ae019f09cd8913537d32392e497ce1b4","50180b15c93cee08a4ceeffad727cd7d3a808f6910ae76a6cb78874b41056c06","92ba98d5b3f436baa07f2fdcf570337f5ce3448ca734b015d5b53e45792d5c51","895d726e663bd42e715602f6edb042c1892ae2a3e1e3749ea732671d974fb09f","4f66f101441339ad56643ccc1bb27764fc49bedb90cd54202445fce498fff717","2d3c96a82658ab5dcdce8c4d8d8886d23df3768b20b60af94a34c8ba4e278934","a3b3eede8eca61338ee0324163e19e7dfa394a6f4c964d0eb7395a6941410489","b700088e0a9ffba371130b4a4fd89f161a66d8b2650abd17f35bdac9e033db67","9fd910952a95466284ff619bb9bee97224f66a900ea75a0c757afd38a27087b4","b11722a88a35eccab9ea2fc7125b0f89b16bc0635166bd60a04f20ce84d5d4ae","249939b54a1daa56445a37ad35aee1d94fdda8623d06910ad0a9a2d5c35a2003","dbe298d54cfb8eea00c440e606ea71125c2b2876a43c7f44e0b02f53a18236c9","54bf31e741de058f9bae952e8724b053068d074efeaf742e022897df9c92d578"],"uploadUrl":"https://upload-firebasehosting.googleapis.com/upload/sites/neurolide-ee476/versions/49b73d1bca7464f6/files"}
[debug] [2024-08-03T19:04:45.255Z] >>> [apiv2][query] POST https://upload-firebasehosting.googleapis.com/upload/sites/neurolide-ee476/versions/49b73d1bca7464f6/files/32cea92aabab75d2aa4784a3cdbaec63e5735436ccb4c7a6f613f9a1d4fd3551 [none]
[debug] [2024-08-03T19:04:45.255Z] >>> [apiv2][body] POST https://upload-firebasehosting.googleapis.com/upload/sites/neurolide-ee476/versions/49b73d1bca7464f6/files/32cea92aabab75d2aa4784a3cdbaec63e5735436ccb4c7a6f613f9a1d4fd3551 [stream]
[debug] [2024-08-03T19:04:45.257Z] >>> [apiv2][query] POST https://upload-firebasehosting.googleapis.com/upload/sites/neurolide-ee476/versions/49b73d1bca7464f6/files/65492adc42907d5b525566176f74d00ae28f41a8225d933ec715dbfa7da5ad4d [none]
[debug] [2024-08-03T19:04:45.257Z] >>> [apiv2][body] POST https://upload-firebasehosting.googleapis.com/upload/sites/neurolide-ee476/versions/49b73d1bca7464f6/files/65492adc42907d5b525566176f74d00ae28f41a8225d933ec715dbfa7da5ad4d [stream]
[debug] [2024-08-03T19:04:45.259Z] >>> [apiv2][query] POST https://upload-firebasehosting.googleapis.com/upload/sites/neurolide-ee476/versions/49b73d1bca7464f6/files/589e3ceb29fd05f16c0f49768751f7feb848e4ec4464daf51c853039f3fff9f8 [none]
[debug] [2024-08-03T19:04:45.259Z] >>> [apiv2][body] POST https://upload-firebasehosting.googleapis.com/upload/sites/neurolide-ee476/versions/49b73d1bca7464f6/files/589e3ceb29fd05f16c0f49768751f7feb848e4ec4464daf51c853039f3fff9f8 [stream]
[debug] [2024-08-03T19:04:45.261Z] >>> [apiv2][query] POST https://upload-firebasehosting.googleapis.com/upload/sites/neurolide-ee476/versions/49b73d1bca7464f6/files/92ba98d5b3f436baa07f2fdcf570337f5ce3448ca734b015d5b53e45792d5c51 [none]
[debug] [2024-08-03T19:04:45.261Z] >>> [apiv2][body] POST https://upload-firebasehosting.googleapis.com/upload/sites/neurolide-ee476/versions/49b73d1bca7464f6/files/92ba98d5b3f436baa07f2fdcf570337f5ce3448ca734b015d5b53e45792d5c51 [stream]
[debug] [2024-08-03T19:04:45.264Z] >>> [apiv2][query] POST https://upload-firebasehosting.googleapis.com/upload/sites/neurolide-ee476/versions/49b73d1bca7464f6/files/4f66f101441339ad56643ccc1bb27764fc49bedb90cd54202445fce498fff717 [none]
[debug] [2024-08-03T19:04:45.264Z] >>> [apiv2][body] POST https://upload-firebasehosting.googleapis.com/upload/sites/neurolide-ee476/versions/49b73d1bca7464f6/files/4f66f101441339ad56643ccc1bb27764fc49bedb90cd54202445fce498fff717 [stream]
[debug] [2024-08-03T19:04:45.265Z] >>> [apiv2][query] POST https://upload-firebasehosting.googleapis.com/upload/sites/neurolide-ee476/versions/49b73d1bca7464f6/files/b700088e0a9ffba371130b4a4fd89f161a66d8b2650abd17f35bdac9e033db67 [none]
[debug] [2024-08-03T19:04:45.266Z] >>> [apiv2][body] POST https://upload-firebasehosting.googleapis.com/upload/sites/neurolide-ee476/versions/49b73d1bca7464f6/files/b700088e0a9ffba371130b4a4fd89f161a66d8b2650abd17f35bdac9e033db67 [stream]
[debug] [2024-08-03T19:04:45.268Z] [hosting][populate queue][FINAL] {"max":1421,"min":1421,"avg":1421,"active":0,"complete":1,"success":1,"errored":0,"retried":0,"total":1,"elapsed":1435}
[debug] [2024-08-03T19:04:45.268Z] [hosting] uploads queued: 55
[debug] [2024-08-03T19:04:45.668Z] [uploadQueue] Retrying task 062a4f2d2bca44cc10bb77abd2071ea37ecc102c797af43f75aea331503e27d7
[debug] [2024-08-03T19:04:45.669Z] [uploadQueue] Retrying task 28061f3fa953a21a38c3bbae05bd40c7d12681f7fb545aa03ab878cc8568de5e
[debug] [2024-08-03T19:04:45.670Z] [uploadQueue] Retrying task 3eae29844ef813a7e074a55e42a1d3de94493958a180bd28db14116308bc46f2
[debug] [2024-08-03T19:04:45.670Z] [uploadQueue] Retrying task f7ee359f114b2f9cd87f2f5961b9b6d5e0defcb4846efa69f9338b7c8c854050
[debug] [2024-08-03T19:04:45.670Z] [uploadQueue] Retrying task 2b73eff5de36fd166e92c245f457a31e3509fb917f7f336b66fb7596249292d5
[debug] [2024-08-03T19:04:45.671Z] [uploadQueue] Retrying task d93a1fed0985a7245f7f2d3503f7c5412fbd18de494c723716b8e6f47a840f78
[debug] [2024-08-03T19:04:45.671Z] [uploadQueue] Retrying task 9a5a2ec25ed58415066798ce03e97c936904646f514737f17324dc87a5e87f0b
[debug] [2024-08-03T19:04:45.671Z] [uploadQueue] Retrying task bee4724e3d0aaf2bc9c6ceb915ad9207ff49bdc622b2dc2781554b1805878bb7
[debug] [2024-08-03T19:04:45.672Z] [uploadQueue] Retrying task f474774c2a0887a86ced02a8e9c601e5e223e33dd8ed30596fb4733d23c0ad58
[debug] [2024-08-03T19:04:45.673Z] [uploadQueue] Retrying task 1a773a0086ba9f0d79e433c746b0b233055514bbec233e15dca1e9fd4fe4ccd5
[debug] [2024-08-03T19:04:45.673Z] [uploadQueue] Retrying task 4e9d133a1b2945a4842cf2302dd1eee88610d5217fb4eee6e8c74146176964dd
[debug] [2024-08-03T19:04:45.673Z] [uploadQueue] Retrying task 4124120e2a689f24832090a798eb9b2847f00fe5e77e8cb66d46722cd215b54e
[debug] [2024-08-03T19:04:45.674Z] [uploadQueue] Retrying task 70764a5e09ca87ad613d44036842f08760345ca5e827a16d44b074654cafd87f
[debug] [2024-08-03T19:04:45.674Z] [uploadQueue] Retrying task 59035e7416498f97137a8daa801d30714624a3857f77e15b83b9da0500f9970e
[debug] [2024-08-03T19:04:45.674Z] [uploadQueue] Retrying task aee7ede66cbbc50553047003c1b6ca974017b6102d9c4214a530f0671c3abbf0
[debug] [2024-08-03T19:04:45.675Z] [uploadQueue] Retrying task 7347d7c25fc06a0c21c6cdf8de0ef0da04757b26cd792ba61fa60d2ae2ad33a7
[debug] [2024-08-03T19:04:45.675Z] [uploadQueue] Retrying task 55eefe81a73bbf0a883ee0e88f290b1a29638e9d0becda17fe2b3bda5996ce99
[debug] [2024-08-03T19:04:45.676Z] [uploadQueue] Retrying task e3b2593c5ec087a1c817a931fe93026be0f5b8dfa90f2e2698f45947f17cfe8d
[debug] [2024-08-03T19:04:45.676Z] [uploadQueue] Retrying task 98c49caec988f435f91f67d9b032def00c5a40da8d5bbe96b6a2a74acfc45a9f
[debug] [2024-08-03T19:04:45.677Z] [uploadQueue] Retrying task 530e384bc20294fa15b3281b9281d897d79d06350ef1635dee7a73f1ead83c9a
[debug] [2024-08-03T19:04:45.677Z] [uploadQueue] Retrying task 3f8ab9fe51268aab0cbace8914b16b6cba99ab4eb9cbc2f3eee21bfe7d333b69
[debug] [2024-08-03T19:04:45.678Z] [uploadQueue] Retrying task 5272f5e56427c1260c293c061fd92f39eb05caa1c1004cc5e3775ba54620e1bc
[debug] [2024-08-03T19:04:45.678Z] [uploadQueue] Retrying task 0823dacb58952a2eaae7938aa087c1ccfcb7c2af8fce945789a40c97bbda908b
[debug] [2024-08-03T19:04:45.678Z] [uploadQueue] Retrying task cae5b670c2eb057ec42a4ea1549310919429c420b0100764e8c4b134ee3db78c
[debug] [2024-08-03T19:04:45.678Z] [uploadQueue] Retrying task ef11e046b37c78c2586d90319207cdf3cb9c0c63611c2109f2cf5ee52e7374b4
[debug] [2024-08-03T19:04:45.678Z] [uploadQueue] Retrying task e08d2a08235d5cdc678d1a205bb4b3813208afd7130a279f53e98a796234e06c
[debug] [2024-08-03T19:04:45.679Z] [uploadQueue] Retrying task 4268eb75566ff2c4ace5310d522f3e542f656e957d01c714b6bfa79129c326e3
[debug] [2024-08-03T19:04:45.679Z] [uploadQueue] Retrying task d10d60613c4d6dc0281066fa258431d78199807e8b30805366c750070579cd72
[debug] [2024-08-03T19:04:45.679Z] [uploadQueue] Retrying task 9ef6271acfe4c6df724fc1779a789c9eee42ea29aafbabca4e07940673dc5271
[debug] [2024-08-03T19:04:45.679Z] [uploadQueue] Retrying task 2c19690e9587bae12f419b34d2edeecc76808099540a9c9f4ea6194116cfc8f7
[debug] [2024-08-03T19:04:45.679Z] [uploadQueue] Retrying task ff27fbd540f9c160e43321f18ee0e1aafb6939b785dddf1a960feb6476f658a9
[debug] [2024-08-03T19:04:45.680Z] [uploadQueue] Retrying task 784c4203152165f9d6d4e5504122d307aea5b7b7c869d048c5c24527f5d70c02
[debug] [2024-08-03T19:04:45.680Z] [uploadQueue] Retrying task 058580d4cadf19394a2915de3add16e6bfe274982b7637b095626df0f6d47139
[debug] [2024-08-03T19:04:45.680Z] [uploadQueue] Retrying task 1394a2eb4f9e5de69e34a5c0ce6ad331218011b43bbeaa57fcc05aeb3aa4a3bf
[debug] [2024-08-03T19:04:45.680Z] [uploadQueue] Retrying task e66f667ac0da50bc33d5959924e8ed3028a3118db973ed95b34cd29463da3350
[debug] [2024-08-03T19:04:45.680Z] [uploadQueue] Retrying task 79a5715ec206cda31a27d7aa0cc515c96efa2403e6686950a500fb3b146eeca5
[debug] [2024-08-03T19:04:45.681Z] [uploadQueue] Retrying task b08438f1b4a5d60c4e19df9a199e5ba64844b9f11db74f46984c5f285e3e4cba
[debug] [2024-08-03T19:04:45.681Z] [uploadQueue] Retrying task 5b85f1358d47b5f10d61bed5c8900693e4f85d1fa75b2e19b36cc7279b375b08
[debug] [2024-08-03T19:04:45.681Z] [uploadQueue] Retrying task 9a3284b3ee1a63fbfe694d2bf667675134d748cfbd3d3b96d8b6d6422da44f84
[debug] [2024-08-03T19:04:45.681Z] [uploadQueue] Retrying task 5e1ba9924bb68070a0d320c5a92208b0ae019f09cd8913537d32392e497ce1b4
[debug] [2024-08-03T19:04:45.681Z] [uploadQueue] Retrying task 50180b15c93cee08a4ceeffad727cd7d3a808f6910ae76a6cb78874b41056c06
[debug] [2024-08-03T19:04:45.682Z] [uploadQueue] Retrying task 895d726e663bd42e715602f6edb042c1892ae2a3e1e3749ea732671d974fb09f
[debug] [2024-08-03T19:04:45.682Z] [uploadQueue] Retrying task 2d3c96a82658ab5dcdce8c4d8d8886d23df3768b20b60af94a34c8ba4e278934
[debug] [2024-08-03T19:04:45.682Z] [uploadQueue] Retrying task a3b3eede8eca61338ee0324163e19e7dfa394a6f4c964d0eb7395a6941410489
[debug] [2024-08-03T19:04:45.682Z] [uploadQueue] Retrying task 9fd910952a95466284ff619bb9bee97224f66a900ea75a0c757afd38a27087b4
[debug] [2024-08-03T19:04:45.682Z] [uploadQueue] Retrying task b11722a88a35eccab9ea2fc7125b0f89b16bc0635166bd60a04f20ce84d5d4ae
[debug] [2024-08-03T19:04:45.682Z] [uploadQueue] Retrying task 249939b54a1daa56445a37ad35aee1d94fdda8623d06910ad0a9a2d5c35a2003
[debug] [2024-08-03T19:04:45.682Z] [uploadQueue] Retrying task dbe298d54cfb8eea00c440e606ea71125c2b2876a43c7f44e0b02f53a18236c9
[debug] [2024-08-03T19:04:45.683Z] [uploadQueue] Retrying task 54bf31e741de058f9bae952e8724b053068d074efeaf742e022897df9c92d578
[debug] [2024-08-03T19:04:46.220Z] <<< [apiv2][status] POST https://upload-firebasehosting.googleapis.com/upload/sites/neurolide-ee476/versions/49b73d1bca7464f6/files/65492adc42907d5b525566176f74d00ae28f41a8225d933ec715dbfa7da5ad4d 200
[debug] [2024-08-03T19:04:46.221Z] <<< [apiv2][body] POST https://upload-firebasehosting.googleapis.com/upload/sites/neurolide-ee476/versions/49b73d1bca7464f6/files/65492adc42907d5b525566176f74d00ae28f41a8225d933ec715dbfa7da5ad4d [stream]
[debug] [2024-08-03T19:04:46.259Z] <<< [apiv2][status] POST https://upload-firebasehosting.googleapis.com/upload/sites/neurolide-ee476/versions/49b73d1bca7464f6/files/589e3ceb29fd05f16c0f49768751f7feb848e4ec4464daf51c853039f3fff9f8 200
[debug] [2024-08-03T19:04:46.259Z] <<< [apiv2][body] POST https://upload-firebasehosting.googleapis.com/upload/sites/neurolide-ee476/versions/49b73d1bca7464f6/files/589e3ceb29fd05f16c0f49768751f7feb848e4ec4464daf51c853039f3fff9f8 [stream]
[debug] [2024-08-03T19:04:46.268Z] <<< [apiv2][status] POST https://upload-firebasehosting.googleapis.com/upload/sites/neurolide-ee476/versions/49b73d1bca7464f6/files/32cea92aabab75d2aa4784a3cdbaec63e5735436ccb4c7a6f613f9a1d4fd3551 200
[debug] [2024-08-03T19:04:46.268Z] <<< [apiv2][body] POST https://upload-firebasehosting.googleapis.com/upload/sites/neurolide-ee476/versions/49b73d1bca7464f6/files/32cea92aabab75d2aa4784a3cdbaec63e5735436ccb4c7a6f613f9a1d4fd3551 [stream]
[debug] [2024-08-03T19:04:46.275Z] <<< [apiv2][status] POST https://upload-firebasehosting.googleapis.com/upload/sites/neurolide-ee476/versions/49b73d1bca7464f6/files/b700088e0a9ffba371130b4a4fd89f161a66d8b2650abd17f35bdac9e033db67 200
[debug] [2024-08-03T19:04:46.275Z] <<< [apiv2][body] POST https://upload-firebasehosting.googleapis.com/upload/sites/neurolide-ee476/versions/49b73d1bca7464f6/files/b700088e0a9ffba371130b4a4fd89f161a66d8b2650abd17f35bdac9e033db67 [stream]
[debug] [2024-08-03T19:04:46.290Z] <<< [apiv2][status] POST https://upload-firebasehosting.googleapis.com/upload/sites/neurolide-ee476/versions/49b73d1bca7464f6/files/4f66f101441339ad56643ccc1bb27764fc49bedb90cd54202445fce498fff717 200
[debug] [2024-08-03T19:04:46.291Z] <<< [apiv2][body] POST https://upload-firebasehosting.googleapis.com/upload/sites/neurolide-ee476/versions/49b73d1bca7464f6/files/4f66f101441339ad56643ccc1bb27764fc49bedb90cd54202445fce498fff717 [stream]
[debug] [2024-08-03T19:04:46.444Z] <<< [apiv2][status] POST https://upload-firebasehosting.googleapis.com/upload/sites/neurolide-ee476/versions/49b73d1bca7464f6/files/92ba98d5b3f436baa07f2fdcf570337f5ce3448ca734b015d5b53e45792d5c51 200
[debug] [2024-08-03T19:04:46.445Z] <<< [apiv2][body] POST https://upload-firebasehosting.googleapis.com/upload/sites/neurolide-ee476/versions/49b73d1bca7464f6/files/92ba98d5b3f436baa07f2fdcf570337f5ce3448ca734b015d5b53e45792d5c51 [stream]
[debug] [2024-08-03T19:04:46.472Z] [uploadQueue] Retrying task 062a4f2d2bca44cc10bb77abd2071ea37ecc102c797af43f75aea331503e27d7
[debug] [2024-08-03T19:04:46.473Z] [uploadQueue] Retrying task 28061f3fa953a21a38c3bbae05bd40c7d12681f7fb545aa03ab878cc8568de5e
[debug] [2024-08-03T19:04:46.473Z] [uploadQueue] Retrying task 3eae29844ef813a7e074a55e42a1d3de94493958a180bd28db14116308bc46f2
[debug] [2024-08-03T19:04:46.474Z] [uploadQueue] Retrying task f7ee359f114b2f9cd87f2f5961b9b6d5e0defcb4846efa69f9338b7c8c854050
[debug] [2024-08-03T19:04:46.474Z] [uploadQueue] Retrying task 2b73eff5de36fd166e92c245f457a31e3509fb917f7f336b66fb7596249292d5
[debug] [2024-08-03T19:04:46.474Z] [uploadQueue] Retrying task d93a1fed0985a7245f7f2d3503f7c5412fbd18de494c723716b8e6f47a840f78
[debug] [2024-08-03T19:04:46.475Z] [uploadQueue] Retrying task 9a5a2ec25ed58415066798ce03e97c936904646f514737f17324dc87a5e87f0b
[debug] [2024-08-03T19:04:46.475Z] [uploadQueue] Retrying task bee4724e3d0aaf2bc9c6ceb915ad9207ff49bdc622b2dc2781554b1805878bb7
[debug] [2024-08-03T19:04:46.488Z] [uploadQueue] Retrying task f474774c2a0887a86ced02a8e9c601e5e223e33dd8ed30596fb4733d23c0ad58
[debug] [2024-08-03T19:04:46.488Z] [uploadQueue] Retrying task 1a773a0086ba9f0d79e433c746b0b233055514bbec233e15dca1e9fd4fe4ccd5
[debug] [2024-08-03T19:04:46.489Z] [uploadQueue] Retrying task 4e9d133a1b2945a4842cf2302dd1eee88610d5217fb4eee6e8c74146176964dd
[debug] [2024-08-03T19:04:46.489Z] [uploadQueue] Retrying task 4124120e2a689f24832090a798eb9b2847f00fe5e77e8cb66d46722cd215b54e
[debug] [2024-08-03T19:04:46.490Z] [uploadQueue] Retrying task 70764a5e09ca87ad613d44036842f08760345ca5e827a16d44b074654cafd87f
[debug] [2024-08-03T19:04:46.490Z] [uploadQueue] Retrying task 59035e7416498f97137a8daa801d30714624a3857f77e15b83b9da0500f9970e
[debug] [2024-08-03T19:04:46.490Z] [uploadQueue] Retrying task aee7ede66cbbc50553047003c1b6ca974017b6102d9c4214a530f0671c3abbf0
[debug] [2024-08-03T19:04:46.490Z] [uploadQueue] Retrying task 7347d7c25fc06a0c21c6cdf8de0ef0da04757b26cd792ba61fa60d2ae2ad33a7
[debug] [2024-08-03T19:04:46.491Z] [uploadQueue] Retrying task 55eefe81a73bbf0a883ee0e88f290b1a29638e9d0becda17fe2b3bda5996ce99
[debug] [2024-08-03T19:04:46.491Z] [uploadQueue] Retrying task e3b2593c5ec087a1c817a931fe93026be0f5b8dfa90f2e2698f45947f17cfe8d
[debug] [2024-08-03T19:04:46.491Z] [uploadQueue] Retrying task 98c49caec988f435f91f67d9b032def00c5a40da8d5bbe96b6a2a74acfc45a9f
[debug] [2024-08-03T19:04:46.491Z] [uploadQueue] Retrying task 530e384bc20294fa15b3281b9281d897d79d06350ef1635dee7a73f1ead83c9a
[debug] [2024-08-03T19:04:46.492Z] [uploadQueue] Retrying task 3f8ab9fe51268aab0cbace8914b16b6cba99ab4eb9cbc2f3eee21bfe7d333b69
[debug] [2024-08-03T19:04:46.492Z] [uploadQueue] Retrying task 5272f5e56427c1260c293c061fd92f39eb05caa1c1004cc5e3775ba54620e1bc
[debug] [2024-08-03T19:04:46.492Z] [uploadQueue] Retrying task 0823dacb58952a2eaae7938aa087c1ccfcb7c2af8fce945789a40c97bbda908b
[debug] [2024-08-03T19:04:46.492Z] [uploadQueue] Retrying task cae5b670c2eb057ec42a4ea1549310919429c420b0100764e8c4b134ee3db78c
[debug] [2024-08-03T19:04:46.493Z] [uploadQueue] Retrying task ef11e046b37c78c2586d90319207cdf3cb9c0c63611c2109f2cf5ee52e7374b4
[debug] [2024-08-03T19:04:46.493Z] [uploadQueue] Retrying task e08d2a08235d5cdc678d1a205bb4b3813208afd7130a279f53e98a796234e06c
[debug] [2024-08-03T19:04:46.493Z] [uploadQueue] Retrying task 4268eb75566ff2c4ace5310d522f3e542f656e957d01c714b6bfa79129c326e3
[debug] [2024-08-03T19:04:46.493Z] [uploadQueue] Retrying task d10d60613c4d6dc0281066fa258431d78199807e8b30805366c750070579cd72
[debug] [2024-08-03T19:04:46.494Z] [uploadQueue] Retrying task 9ef6271acfe4c6df724fc1779a789c9eee42ea29aafbabca4e07940673dc5271
[debug] [2024-08-03T19:04:46.494Z] [uploadQueue] Retrying task 2c19690e9587bae12f419b34d2edeecc76808099540a9c9f4ea6194116cfc8f7
[debug] [2024-08-03T19:04:46.494Z] [uploadQueue] Retrying task ff27fbd540f9c160e43321f18ee0e1aafb6939b785dddf1a960feb6476f658a9
[debug] [2024-08-03T19:04:46.494Z] [uploadQueue] Retrying task 784c4203152165f9d6d4e5504122d307aea5b7b7c869d048c5c24527f5d70c02
[debug] [2024-08-03T19:04:46.494Z] [uploadQueue] Retrying task 058580d4cadf19394a2915de3add16e6bfe274982b7637b095626df0f6d47139
[debug] [2024-08-03T19:04:46.495Z] [uploadQueue] Retrying task 1394a2eb4f9e5de69e34a5c0ce6ad331218011b43bbeaa57fcc05aeb3aa4a3bf
[debug] [2024-08-03T19:04:46.495Z] [uploadQueue] Retrying task e66f667ac0da50bc33d5959924e8ed3028a3118db973ed95b34cd29463da3350
[debug] [2024-08-03T19:04:46.495Z] [uploadQueue] Retrying task 79a5715ec206cda31a27d7aa0cc515c96efa2403e6686950a500fb3b146eeca5
[debug] [2024-08-03T19:04:46.495Z] [uploadQueue] Retrying task b08438f1b4a5d60c4e19df9a199e5ba64844b9f11db74f46984c5f285e3e4cba
[debug] [2024-08-03T19:04:46.496Z] [uploadQueue] Retrying task 5b85f1358d47b5f10d61bed5c8900693e4f85d1fa75b2e19b36cc7279b375b08
[debug] [2024-08-03T19:04:46.496Z] [uploadQueue] Retrying task 9a3284b3ee1a63fbfe694d2bf667675134d748cfbd3d3b96d8b6d6422da44f84
[debug] [2024-08-03T19:04:46.496Z] [uploadQueue] Retrying task 5e1ba9924bb68070a0d320c5a92208b0ae019f09cd8913537d32392e497ce1b4
[debug] [2024-08-03T19:04:46.496Z] [uploadQueue] Retrying task 50180b15c93cee08a4ceeffad727cd7d3a808f6910ae76a6cb78874b41056c06
[debug] [2024-08-03T19:04:46.497Z] [uploadQueue] Retrying task 895d726e663bd42e715602f6edb042c1892ae2a3e1e3749ea732671d974fb09f
[debug] [2024-08-03T19:04:46.497Z] [uploadQueue] Retrying task 2d3c96a82658ab5dcdce8c4d8d8886d23df3768b20b60af94a34c8ba4e278934
[debug] [2024-08-03T19:04:46.497Z] [uploadQueue] Retrying task a3b3eede8eca61338ee0324163e19e7dfa394a6f4c964d0eb7395a6941410489
[debug] [2024-08-03T19:04:46.497Z] [uploadQueue] Retrying task 9fd910952a95466284ff619bb9bee97224f66a900ea75a0c757afd38a27087b4
[debug] [2024-08-03T19:04:46.497Z] [uploadQueue] Retrying task b11722a88a35eccab9ea2fc7125b0f89b16bc0635166bd60a04f20ce84d5d4ae
[debug] [2024-08-03T19:04:46.498Z] [uploadQueue] Retrying task 249939b54a1daa56445a37ad35aee1d94fdda8623d06910ad0a9a2d5c35a2003
[debug] [2024-08-03T19:04:46.498Z] [uploadQueue] Retrying task dbe298d54cfb8eea00c440e606ea71125c2b2876a43c7f44e0b02f53a18236c9
[debug] [2024-08-03T19:04:46.498Z] [uploadQueue] Retrying task 54bf31e741de058f9bae952e8724b053068d074efeaf742e022897df9c92d578
[debug] [2024-08-03T19:04:48.080Z] [uploadQueue] Retrying task 062a4f2d2bca44cc10bb77abd2071ea37ecc102c797af43f75aea331503e27d7
[debug] [2024-08-03T19:04:48.081Z] [uploadQueue] Retrying task 28061f3fa953a21a38c3bbae05bd40c7d12681f7fb545aa03ab878cc8568de5e
[debug] [2024-08-03T19:04:48.082Z] [uploadQueue] Retrying task 3eae29844ef813a7e074a55e42a1d3de94493958a180bd28db14116308bc46f2
[debug] [2024-08-03T19:04:48.082Z] [uploadQueue] Retrying task f7ee359f114b2f9cd87f2f5961b9b6d5e0defcb4846efa69f9338b7c8c854050
[debug] [2024-08-03T19:04:48.082Z] [uploadQueue] Retrying task 2b73eff5de36fd166e92c245f457a31e3509fb917f7f336b66fb7596249292d5
[debug] [2024-08-03T19:04:48.083Z] [uploadQueue] Retrying task d93a1fed0985a7245f7f2d3503f7c5412fbd18de494c723716b8e6f47a840f78
[debug] [2024-08-03T19:04:48.083Z] [uploadQueue] Retrying task 9a5a2ec25ed58415066798ce03e97c936904646f514737f17324dc87a5e87f0b
[debug] [2024-08-03T19:04:48.083Z] [uploadQueue] Retrying task bee4724e3d0aaf2bc9c6ceb915ad9207ff49bdc622b2dc2781554b1805878bb7
[debug] [2024-08-03T19:04:48.096Z] [uploadQueue] Retrying task f474774c2a0887a86ced02a8e9c601e5e223e33dd8ed30596fb4733d23c0ad58
[debug] [2024-08-03T19:04:48.097Z] [uploadQueue] Retrying task 1a773a0086ba9f0d79e433c746b0b233055514bbec233e15dca1e9fd4fe4ccd5
[debug] [2024-08-03T19:04:48.097Z] [uploadQueue] Retrying task 4e9d133a1b2945a4842cf2302dd1eee88610d5217fb4eee6e8c74146176964dd
[debug] [2024-08-03T19:04:48.098Z] [uploadQueue] Retrying task 4124120e2a689f24832090a798eb9b2847f00fe5e77e8cb66d46722cd215b54e
[debug] [2024-08-03T19:04:48.098Z] [uploadQueue] Retrying task 70764a5e09ca87ad613d44036842f08760345ca5e827a16d44b074654cafd87f
[debug] [2024-08-03T19:04:48.098Z] [uploadQueue] Retrying task 59035e7416498f97137a8daa801d30714624a3857f77e15b83b9da0500f9970e
[debug] [2024-08-03T19:04:48.098Z] [uploadQueue] Retrying task aee7ede66cbbc50553047003c1b6ca974017b6102d9c4214a530f0671c3abbf0
[debug] [2024-08-03T19:04:48.099Z] [uploadQueue] Retrying task 7347d7c25fc06a0c21c6cdf8de0ef0da04757b26cd792ba61fa60d2ae2ad33a7
[debug] [2024-08-03T19:04:48.099Z] [uploadQueue] Retrying task 55eefe81a73bbf0a883ee0e88f290b1a29638e9d0becda17fe2b3bda5996ce99
[debug] [2024-08-03T19:04:48.100Z] [uploadQueue] Retrying task e3b2593c5ec087a1c817a931fe93026be0f5b8dfa90f2e2698f45947f17cfe8d
[debug] [2024-08-03T19:04:48.100Z] [uploadQueue] Retrying task 98c49caec988f435f91f67d9b032def00c5a40da8d5bbe96b6a2a74acfc45a9f
[debug] [2024-08-03T19:04:48.101Z] [uploadQueue] Retrying task 530e384bc20294fa15b3281b9281d897d79d06350ef1635dee7a73f1ead83c9a
[debug] [2024-08-03T19:04:48.101Z] [uploadQueue] Retrying task 3f8ab9fe51268aab0cbace8914b16b6cba99ab4eb9cbc2f3eee21bfe7d333b69
[debug] [2024-08-03T19:04:48.101Z] [uploadQueue] Retrying task 5272f5e56427c1260c293c061fd92f39eb05caa1c1004cc5e3775ba54620e1bc
[debug] [2024-08-03T19:04:48.101Z] [uploadQueue] Retrying task 0823dacb58952a2eaae7938aa087c1ccfcb7c2af8fce945789a40c97bbda908b
[debug] [2024-08-03T19:04:48.101Z] [uploadQueue] Retrying task cae5b670c2eb057ec42a4ea1549310919429c420b0100764e8c4b134ee3db78c
[debug] [2024-08-03T19:04:48.102Z] [uploadQueue] Retrying task ef11e046b37c78c2586d90319207cdf3cb9c0c63611c2109f2cf5ee52e7374b4
[debug] [2024-08-03T19:04:48.102Z] [uploadQueue] Retrying task e08d2a08235d5cdc678d1a205bb4b3813208afd7130a279f53e98a796234e06c
[debug] [2024-08-03T19:04:48.102Z] [uploadQueue] Retrying task 4268eb75566ff2c4ace5310d522f3e542f656e957d01c714b6bfa79129c326e3
[debug] [2024-08-03T19:04:48.102Z] [uploadQueue] Retrying task d10d60613c4d6dc0281066fa258431d78199807e8b30805366c750070579cd72
[debug] [2024-08-03T19:04:48.103Z] [uploadQueue] Retrying task 9ef6271acfe4c6df724fc1779a789c9eee42ea29aafbabca4e07940673dc5271
[debug] [2024-08-03T19:04:48.103Z] [uploadQueue] Retrying task 2c19690e9587bae12f419b34d2edeecc76808099540a9c9f4ea6194116cfc8f7
[debug] [2024-08-03T19:04:48.103Z] [uploadQueue] Retrying task ff27fbd540f9c160e43321f18ee0e1aafb6939b785dddf1a960feb6476f658a9
[debug] [2024-08-03T19:04:48.103Z] [uploadQueue] Retrying task 784c4203152165f9d6d4e5504122d307aea5b7b7c869d048c5c24527f5d70c02
[debug] [2024-08-03T19:04:48.103Z] [uploadQueue] Retrying task 058580d4cadf19394a2915de3add16e6bfe274982b7637b095626df0f6d47139
[debug] [2024-08-03T19:04:48.104Z] [uploadQueue] Retrying task 1394a2eb4f9e5de69e34a5c0ce6ad331218011b43bbeaa57fcc05aeb3aa4a3bf
[debug] [2024-08-03T19:04:48.104Z] [uploadQueue] Retrying task e66f667ac0da50bc33d5959924e8ed3028a3118db973ed95b34cd29463da3350
[debug] [2024-08-03T19:04:48.104Z] [uploadQueue] Retrying task 79a5715ec206cda31a27d7aa0cc515c96efa2403e6686950a500fb3b146eeca5
[debug] [2024-08-03T19:04:48.104Z] [uploadQueue] Retrying task b08438f1b4a5d60c4e19df9a199e5ba64844b9f11db74f46984c5f285e3e4cba
[debug] [2024-08-03T19:04:48.104Z] [uploadQueue] Retrying task 5b85f1358d47b5f10d61bed5c8900693e4f85d1fa75b2e19b36cc7279b375b08
[debug] [2024-08-03T19:04:48.105Z] [uploadQueue] Retrying task 9a3284b3ee1a63fbfe694d2bf667675134d748cfbd3d3b96d8b6d6422da44f84
[debug] [2024-08-03T19:04:48.105Z] [uploadQueue] Retrying task 5e1ba9924bb68070a0d320c5a92208b0ae019f09cd8913537d32392e497ce1b4
[debug] [2024-08-03T19:04:48.112Z] [uploadQueue] Retrying task 50180b15c93cee08a4ceeffad727cd7d3a808f6910ae76a6cb78874b41056c06
[debug] [2024-08-03T19:04:48.112Z] [uploadQueue] Retrying task 895d726e663bd42e715602f6edb042c1892ae2a3e1e3749ea732671d974fb09f
[debug] [2024-08-03T19:04:48.113Z] [uploadQueue] Retrying task 2d3c96a82658ab5dcdce8c4d8d8886d23df3768b20b60af94a34c8ba4e278934
[debug] [2024-08-03T19:04:48.113Z] [uploadQueue] Retrying task a3b3eede8eca61338ee0324163e19e7dfa394a6f4c964d0eb7395a6941410489
[debug] [2024-08-03T19:04:48.114Z] [uploadQueue] Retrying task 9fd910952a95466284ff619bb9bee97224f66a900ea75a0c757afd38a27087b4
[debug] [2024-08-03T19:04:48.114Z] [uploadQueue] Retrying task b11722a88a35eccab9ea2fc7125b0f89b16bc0635166bd60a04f20ce84d5d4ae
[debug] [2024-08-03T19:04:48.114Z] [uploadQueue] Retrying task 249939b54a1daa56445a37ad35aee1d94fdda8623d06910ad0a9a2d5c35a2003
[debug] [2024-08-03T19:04:48.115Z] [uploadQueue] Retrying task dbe298d54cfb8eea00c440e606ea71125c2b2876a43c7f44e0b02f53a18236c9
[debug] [2024-08-03T19:04:48.115Z] [uploadQueue] Retrying task 54bf31e741de058f9bae952e8724b053068d074efeaf742e022897df9c92d578
